<?xml version="1.0" encoding="UTF-8"?>
<!-- Generated by org.testng.reporters.JUnitReportReporter -->
<testsuite skipped="0" hostname="LAPTOP-34TFF43U" name="guru99bankpackage.Guru99TestCases" tests="3" failures="0" timestamp="04 Sep 2017 14:25:29 GMT" time="8.472" errors="0">
  <testcase name="f" time="0.000" classname="guru99bankpackage.Guru99TestCases"/>
  <testcase name="TestCase1" time="8.472" classname="guru99bankpackage.Guru99TestCases"/>
  <testcase name="TestCase2" time="0.000" classname="guru99bankpackage.Guru99TestCases"/>
</testsuite> <!-- guru99bankpackage.Guru99TestCases -->
