<?xml version="1.0" encoding="UTF-8"?>
<!-- Generated by org.testng.reporters.JUnitReportReporter -->
<testsuite skipped="0" hostname="LAPTOP-34TFF43U" name="guru99bankpackage.Guru99TestCases" tests="3" failures="0" timestamp="31 Aug 2017 20:30:59 GMT" time="9.114" errors="0">
  <testcase name="f" time="0.002" classname="guru99bankpackage.Guru99TestCases"/>
  <testcase name="TestCase1" time="9.110" classname="guru99bankpackage.Guru99TestCases"/>
  <testcase name="TestCase2" time="0.002" classname="guru99bankpackage.Guru99TestCases"/>
</testsuite> <!-- guru99bankpackage.Guru99TestCases -->
