<?xml version="1.0" encoding="UTF-8"?>
<!-- Generated by org.testng.reporters.JUnitReportReporter -->
<testsuite skipped="0" hostname="LAPTOP-34TFF43U" name="guru99bankpackage.Guru99TestCases" tests="3" failures="0" timestamp="26 Sep 2017 19:14:38 GMT" time="4.512" errors="0">
  <testcase name="TestCase1" time="4.510" classname="guru99bankpackage.Guru99TestCases"/>
  <testcase name="f" time="0.001" classname="guru99bankpackage.Guru99TestCases"/>
  <testcase name="TestCase2" time="0.001" classname="guru99bankpackage.Guru99TestCases"/>
</testsuite> <!-- guru99bankpackage.Guru99TestCases -->
