<?xml version="1.0" encoding="UTF-8"?>
<!-- Generated by org.testng.reporters.JUnitReportReporter -->
<testsuite skipped="0" hostname="LAPTOP-34TFF43U" name="guru99bankpackage.Guru99TestCases" tests="3" failures="0" timestamp="17 Aug 2017 05:31:33 GMT" time="8.254" errors="0">
  <testcase name="TestCase2" time="0.008" classname="guru99bankpackage.Guru99TestCases"/>
  <testcase name="TestCase1" time="8.243" classname="guru99bankpackage.Guru99TestCases"/>
  <testcase name="f" time="0.003" classname="guru99bankpackage.Guru99TestCases"/>
</testsuite> <!-- guru99bankpackage.Guru99TestCases -->
